Arguments: 
  C:\Program Files\nodejs\node.exe C:\Users\eliwa\AppData\Roaming\npm\node_modules\yarn\bin\yarn.js start

PATH: 
  C:\Program Files\Java\jdk-11.0.4\bin;C:\Program Files\Java\jdk-1.8.0_241\bin;C:\Program Files (x86)\Common Files\Oracle\Java\javapath;C:\Program Files\Java\jdk-13.0.2\bin;C:\app\eliwa\product\18.0.0\dbhomeXE\bin;C:\WINDOWS\system32;C:\WINDOWS;C:\WINDOWS\System32\Wbem;C:\WINDOWS\System32\WindowsPowerShell\v1.0\;C:\WINDOWS\System32\OpenSSH\;C:\Program Files\PuTTY\;C:\Program Files\Git\cmd;C:\Program Files\dotnet\;C:\Program Files\nodejs\;C:\Program Files\Docker\Docker\resources\bin;C:\ProgramData\DockerDesktop\version-bin;C:\Program Files (x86)\Microsoft SQL Server\150\DTS\Binn\;C:\Program Files\Azure Data Studio\bin;C:\Javalib;C:\Users\eliwa\AppData\Local\Microsoft\WindowsApps;;C:\Users\eliwa\AppData\Local\Programs\Microsoft VS Code\bin;C:\Users\eliwa\.dotnet\tools;C:\Users\eliwa\AppData\Roaming\npm;C:\Program Files\Azure Data Studio\bin

Yarn version: 
  1.22.17

Node version: 
  14.16.0

Platform: 
  win32 x64

Trace: 
  SyntaxError: C:\Users\eliwa\Desktop\Studeermateriaal\The Lab\stargazers\package.json: Unexpected token < in JSON at position 477
      at JSON.parse (<anonymous>)
      at C:\Users\eliwa\AppData\Roaming\npm\node_modules\yarn\lib\cli.js:1625:59
      at Generator.next (<anonymous>)
      at step (C:\Users\eliwa\AppData\Roaming\npm\node_modules\yarn\lib\cli.js:310:30)
      at C:\Users\eliwa\AppData\Roaming\npm\node_modules\yarn\lib\cli.js:321:13

npm manifest: 
  {
    "name": "stargazer",
    "version": "1.0.0",
    "main": "node_modules/expo/AppEntry.js",
    "scripts": {
      "start": "expo start",
      "android": "expo start --android",
      "ios": "expo start --ios",
      "web": "expo start --web",
      "eject": "expo eject",
      "lint": "eslint . --ext .js"
    },
    "dependencies": {
      "@eva-design/eva": "^2.1.1",
      "@expo-google-fonts/inter": "^0.2.2",
      "@expo-google-fonts/lato": "^0.2.2",
      "@expo-google-fonts/oswald": "^0.2.2",
  <<<<<<< HEAD
      "@react-native-community/slider": "^4.2.1",
  =======
      "@react-native-async-storage/async-storage": "~1.15.0",
      "@react-native-community/masked-view": "^0.1.11",
  >>>>>>> 78c2edf06ed44898efdb7934880a8a2f40c03afd
      "@react-navigation/bottom-tabs": "^6.2.0",
      "@react-navigation/native": "^6.0.8",
      "@react-navigation/stack": "^6.1.1",
      "@ui-kitten/components": "^5.1.1",
      "axios": "^0.26.0",
      "camelize": "^1.0.0",
      "commitizen": "^4.2.4",
      "dayjs": "^1.10.7",
      "expo": "~44.0.0",
      "expo-location": "~14.0.1",
      "expo-status-bar": "~1.2.0",
      "native-base": "^3.3.5",
      "react": "17.0.1",
      "react-dom": "17.0.1",
      "react-native": "0.64.3",
      "react-native-fetch-blob": "git+https://github.com/HCL-HO/react-native-fetch-blob-expo.git",
      "react-native-geolocation-service": "^5.3.0-beta.4",
      "react-native-gesture-handler": "~2.1.0",
      "react-native-paper": "^4.11.2",
      "react-native-reanimated": "~2.3.1",
      "react-native-safe-area-context": "3.3.2",
      "react-native-screens": "~3.10.1",
      "react-native-status-bar-height": "^2.6.0",
      "react-native-svg": "^12.3.0",
      "react-native-toast-message": "^2.1.1",
      "react-native-web": "0.17.1",
      "styled-components": "^5.3.3"
    },
    "devDependencies": {
      "@babel/core": "^7.12.9",
      "@react-native-community/eslint-config": "^2.0.0",
      "cz-conventional-changelog": "3.3.0",
      "prettier": "^2.5.1"
    },
    "config": {
      "commitizen": {
        "path": "./node_modules/cz-conventional-changelog"
      }
    },
    "private": true
  }

yarn manifest: 
  No manifest

Lockfile: 
  No lockfile
